TN:
SF:/Users/yanyi/Documents/Projects/Tech Tests/restful-api/server.js
FN:8,(anonymous_1)
FNF:1
FNH:1
FNDA:1,(anonymous_1)
DA:1,1
DA:2,1
DA:3,1
DA:4,1
DA:6,1
DA:7,1
DA:8,1
DA:9,1
DA:12,1
DA:13,1
DA:14,1
DA:16,1
DA:18,1
DA:19,1
DA:20,1
DA:22,1
LF:16
LH:16
BRDA:6,1,0,1
BRDA:6,1,1,1
BRDA:18,2,0,1
BRDA:18,2,1,1
BRF:4
BRH:4
end_of_record
TN:
SF:/Users/yanyi/Documents/Projects/Tech Tests/restful-api/routes/user.js
FN:7,(anonymous_1)
FN:8,(anonymous_2)
FN:16,(anonymous_3)
FN:17,(anonymous_4)
FN:25,(anonymous_5)
FN:28,(anonymous_6)
FN:36,(anonymous_7)
FN:37,(anonymous_8)
FN:45,(anonymous_9)
FN:46,(anonymous_10)
FNF:10
FNH:10
FNDA:1,(anonymous_1)
FNDA:1,(anonymous_2)
FNDA:1,(anonymous_3)
FNDA:1,(anonymous_4)
FNDA:2,(anonymous_5)
FNDA:2,(anonymous_6)
FNDA:1,(anonymous_7)
FNDA:1,(anonymous_8)
FNDA:1,(anonymous_9)
FNDA:1,(anonymous_10)
DA:1,1
DA:2,1
DA:3,1
DA:5,1
DA:7,1
DA:8,1
DA:9,1
DA:10,0
DA:12,1
DA:16,1
DA:17,1
DA:18,1
DA:19,0
DA:21,1
DA:25,1
DA:26,2
DA:28,2
DA:29,2
DA:30,1
DA:32,1
DA:36,1
DA:37,1
DA:38,1
DA:39,0
DA:41,1
DA:45,1
DA:46,1
DA:47,1
DA:48,0
DA:50,1
DA:54,1
LF:31
LH:27
BRDA:9,1,0,0
BRDA:9,1,1,1
BRDA:18,2,0,0
BRDA:18,2,1,1
BRDA:29,3,0,1
BRDA:29,3,1,1
BRDA:38,4,0,0
BRDA:38,4,1,1
BRDA:47,5,0,0
BRDA:47,5,1,1
BRF:10
BRH:6
end_of_record
TN:
SF:/Users/yanyi/Documents/Projects/Tech Tests/restful-api/models/user.js
FNF:0
FNH:0
DA:1,1
DA:3,1
DA:9,1
LF:3
LH:3
BRF:0
BRH:0
end_of_record
